<?xml version="1.0" encoding="UTF-8"?>
<!-- Generated by org.testng.reporters.JUnitXMLReporter -->
<testsuite hostname="Dell123" ignored="0" name="Default test(failed)" tests="6" failures="1" timestamp="2022-07-02T22:48:06 IST" time="52.149" errors="0">
  <testcase name="TestCase1" time="20.063" classname="ExecuteOnlyFailedTestCases.RerunFailedTestCaseOnly">
    <skipped/>
  </testcase> <!-- TestCase1 -->
  <testcase name="TestCase1" time="11.456" classname="ExecuteOnlyFailedTestCases.RerunFailedTestCaseOnly">
    <skipped/>
  </testcase> <!-- TestCase1 -->
  <testcase name="TestCase1" time="6.607" classname="ExecuteOnlyFailedTestCases.RerunFailedTestCaseOnly">
    <skipped/>
  </testcase> <!-- TestCase1 -->
  <testcase name="TestCase1" time="2.966" classname="ExecuteOnlyFailedTestCases.RerunFailedTestCaseOnly">
    <skipped/>
  </testcase> <!-- TestCase1 -->
  <testcase name="TestCase1" time="5.709" classname="ExecuteOnlyFailedTestCases.RerunFailedTestCaseOnly">
    <skipped/>
  </testcase> <!-- TestCase1 -->
  <testcase name="TestCase1" time="5.277" classname="ExecuteOnlyFailedTestCases.RerunFailedTestCaseOnly">
    <failure type="org.openqa.selenium.WebDriverException" message="unknown error: Chrome failed to start: exited normally.
  (chrome not reachable)
  (The process started from chrome location C:\Program Files\Google\Chrome\Application\chrome.exe is no longer running, so ChromeDriver is assuming that Chrome has crashed.)
Build info: version: &amp;apos;3.141.59&amp;apos;, revision: &amp;apos;e82be7d358&amp;apos;, time: &amp;apos;2018-11-14T08:25:48&amp;apos;
System info: host: &amp;apos;DELL123&amp;apos;, ip: &amp;apos;192.168.133.114&amp;apos;, os.name: &amp;apos;Windows 8.1&amp;apos;, os.arch: &amp;apos;amd64&amp;apos;, os.version: &amp;apos;6.3&amp;apos;, java.version: &amp;apos;1.8.0_202&amp;apos;
Driver info: driver.version: ChromeDriver
remote stacktrace: Backtrace:
	Ordinal0 [0x00CED953+2414931]
	Ordinal0 [0x00C7F5E1+1963489]
	Ordinal0 [0x00B6C6B8+837304]
	Ordinal0 [0x00B89BD4+957396]
	Ordinal0 [0x00B85FB1+942001]
	Ordinal0 [0x00BB9100+1151232]
	Ordinal0 [0x00BB8D5A+1150298]
	Ordinal0 [0x00BB42B6+1131190]
	Ordinal0 [0x00B8E860+976992]
	Ordinal0 [0x00B8F756+980822]
	GetHandleVerifier [0x00F5CC62+2510274]
	GetHandleVerifier [0x00F4F760+2455744]
	GetHandleVerifier [0x00D7EABA+551962]
	GetHandleVerifier [0x00D7D916+547446]
	Ordinal0 [0x00C85F3B+1990459]
	Ordinal0 [0x00C8A898+2009240]
	Ordinal0 [0x00C8A985+2009477]
	Ordinal0 [0x00C93AD1+2046673]
	BaseThreadInitThunk [0x762A6A14+36]
	RtlInitializeExceptionChain [0x77BAA9EF+143]
	RtlInitializeExceptionChain [0x77BAA9BA+90]
">
      <![CDATA[org.openqa.selenium.WebDriverException: unknown error: Chrome failed to start: exited normally.
  (chrome not reachable)
  (The process started from chrome location C:\Program Files\Google\Chrome\Application\chrome.exe is no longer running, so ChromeDriver is assuming that Chrome has crashed.)
Build info: version: '3.141.59', revision: 'e82be7d358', time: '2018-11-14T08:25:48'
System info: host: 'DELL123', ip: '192.168.133.114', os.name: 'Windows 8.1', os.arch: 'amd64', os.version: '6.3', java.version: '1.8.0_202'
Driver info: driver.version: ChromeDriver
remote stacktrace: Backtrace:
Ordinal0 [0x00CED953+2414931]
Ordinal0 [0x00C7F5E1+1963489]
Ordinal0 [0x00B6C6B8+837304]
Ordinal0 [0x00B89BD4+957396]
Ordinal0 [0x00B85FB1+942001]
Ordinal0 [0x00BB9100+1151232]
Ordinal0 [0x00BB8D5A+1150298]
Ordinal0 [0x00BB42B6+1131190]
Ordinal0 [0x00B8E860+976992]
Ordinal0 [0x00B8F756+980822]
GetHandleVerifier [0x00F5CC62+2510274]
GetHandleVerifier [0x00F4F760+2455744]
GetHandleVerifier [0x00D7EABA+551962]
GetHandleVerifier [0x00D7D916+547446]
Ordinal0 [0x00C85F3B+1990459]
Ordinal0 [0x00C8A898+2009240]
Ordinal0 [0x00C8A985+2009477]
Ordinal0 [0x00C93AD1+2046673]
BaseThreadInitThunk [0x762A6A14+36]
RtlInitializeExceptionChain [0x77BAA9EF+143]
RtlInitializeExceptionChain [0x77BAA9BA+90]

at org.openqa.selenium.remote.W3CHandshakeResponse.lambda$errorHandler$0(W3CHandshakeResponse.java:62)
at org.openqa.selenium.remote.HandshakeResponse.lambda$getResponseFunction$0(HandshakeResponse.java:30)
at org.openqa.selenium.remote.ProtocolHandshake.lambda$createSession$0(ProtocolHandshake.java:126)
at java.util.stream.ReferencePipeline$3$1.accept(Unknown Source)
at java.util.Spliterators$ArraySpliterator.tryAdvance(Unknown Source)
at java.util.stream.ReferencePipeline.forEachWithCancel(Unknown Source)
at java.util.stream.AbstractPipeline.copyIntoWithCancel(Unknown Source)
at java.util.stream.AbstractPipeline.copyInto(Unknown Source)
at java.util.stream.AbstractPipeline.wrapAndCopyInto(Unknown Source)
at java.util.stream.FindOps$FindOp.evaluateSequential(Unknown Source)
at java.util.stream.AbstractPipeline.evaluate(Unknown Source)
at java.util.stream.ReferencePipeline.findFirst(Unknown Source)
at org.openqa.selenium.remote.ProtocolHandshake.createSession(ProtocolHandshake.java:128)
at org.openqa.selenium.remote.ProtocolHandshake.createSession(ProtocolHandshake.java:74)
at org.openqa.selenium.remote.HttpCommandExecutor.execute(HttpCommandExecutor.java:136)
at org.openqa.selenium.remote.service.DriverCommandExecutor.execute(DriverCommandExecutor.java:83)
at org.openqa.selenium.remote.RemoteWebDriver.execute(RemoteWebDriver.java:552)
at org.openqa.selenium.remote.RemoteWebDriver.startSession(RemoteWebDriver.java:213)
at org.openqa.selenium.remote.RemoteWebDriver.<init>(RemoteWebDriver.java:131)
at org.openqa.selenium.chrome.ChromeDriver.<init>(ChromeDriver.java:181)
at org.openqa.selenium.chrome.ChromeDriver.<init>(ChromeDriver.java:168)
at org.openqa.selenium.chrome.ChromeDriver.<init>(ChromeDriver.java:123)
at ExecuteOnlyFailedTestCases.RerunFailedTestCaseOnly.TestCase1(RerunFailedTestCaseOnly.java:15)
at java.util.ArrayList.forEach(Unknown Source)
... Removed 31 stack frames]]>
    </failure>
  </testcase> <!-- TestCase1 -->
</testsuite> <!-- Default test(failed) -->
